# JRE version: OpenJDK Runtime Environment Zulu21.44+17-CA (21.0.8+9) (build 21.0.8+9-LTS)
# Java VM: OpenJDK 64-Bit Server VM Zulu21.44+17-CA (21.0.8+9-LTS, mixed mode, sharing, tiered, compressed oops, compressed class ptrs, g1 gc, windows-amd64)
GC Precious Log:
 CardTable entry size: 512
 Card Set container configuration: InlinePtr #cards 5 size 8 Array Of Cards #cards 10 size 36 Howl #buckets 4 coarsen threshold 1843 Howl Bitmap #cards 512 size 80 coarsen threshold 460 Card regions per heap region 1 cards per card region 2048
 CPUs: 12 total, 12 available
 Memory: 16110M
 Large Page Support: Disabled
 NUMA Support: Disabled
 Compressed Oops: Enabled (32-bit)
 Heap Region Size: 1M
 Heap Min Capacity: 256M
 Heap Initial Capacity: 256M
 Heap Max Capacity: 512M
 Pre-touch: Disabled
 Parallel Workers: 10
 Concurrent Workers: 3
 Concurrent Refinement Workers: 10
 Periodic GC: Disabled
Heap:
 garbage-first heap   total 262144K, used 161147K [0x00000000e0000000, 0x0000000100000000)
  region size 1024K, 93 young (95232K), 8 survivors (8192K)
 Metaspace       used 78521K, committed 80704K, reserved 458752K
  class space    used 10819K, committed 11904K, reserved 327680K
GC Heap History (16 events):
Event: 0.212 GC heap before
{Heap before GC invocations=0 (full 0):
 garbage-first heap   total 262144K, used 23552K [0x00000000e0000000, 0x0000000100000000)
  region size 1024K, 23 young (23552K), 0 survivors (0K)
 Metaspace       used 899K, committed 1024K, reserved 393216K
  class space    used 72K, committed 128K, reserved 327680K
}
Event: 0.214 GC heap after
{Heap after GC invocations=1 (full 0):
 garbage-first heap   total 262144K, used 1618K [0x00000000e0000000, 0x0000000100000000)
  region size 1024K, 2 young (2048K), 2 survivors (2048K)
 Metaspace       used 899K, committed 1024K, reserved 393216K
  class space    used 72K, committed 128K, reserved 327680K
}
Event: 0.542 GC heap before
{Heap before GC invocations=1 (full 0):
 garbage-first heap   total 262144K, used 42578K [0x00000000e0000000, 0x0000000100000000)
  region size 1024K, 39 young (39936K), 2 survivors (2048K)
 Metaspace       used 4487K, committed 4672K, reserved 393216K
  class space    used 560K, committed 640K, reserved 327680K
}
Event: 0.546 GC heap after
{Heap after GC invocations=2 (full 0):
 garbage-first heap   total 262144K, used 10719K [0x00000000e0000000, 0x0000000100000000)
  region size 1024K, 5 young (5120K), 5 survivors (5120K)
 Metaspace       used 4487K, committed 4672K, reserved 393216K
  class space    used 560K, committed 640K, reserved 327680K
}
Event: 1.819 GC heap before
{Heap before GC invocations=2 (full 0):
 garbage-first heap   total 262144K, used 157151K [0x00000000e0000000, 0x0000000100000000)
  region size 1024K, 148 young (151552K), 5 survivors (5120K)
 Metaspace       used 20917K, committed 21504K, reserved 393216K
  class space    used 2992K, committed 3264K, reserved 327680K
}
Event: 1.829 GC heap after
{Heap after GC invocations=3 (full 0):
 garbage-first heap   total 262144K, used 23476K [0x00000000e0000000, 0x0000000100000000)
  region size 1024K, 17 young (17408K), 17 survivors (17408K)
 Metaspace       used 20917K, committed 21504K, reserved 393216K
  class space    used 2992K, committed 3264K, reserved 327680K
}
Event: 2.880 GC heap before
{Heap before GC invocations=4 (full 0):
 garbage-first heap   total 262144K, used 130996K [0x00000000e0000000, 0x0000000100000000)
  region size 1024K, 124 young (126976K), 17 survivors (17408K)
 Metaspace       used 35001K, committed 35968K, reserved 393216K
  class space    used 4889K, committed 5376K, reserved 327680K
}
Event: 2.890 GC heap after
{Heap after GC invocations=5 (full 0):
 garbage-first heap   total 262144K, used 33035K [0x00000000e0000000, 0x0000000100000000)
  region size 1024K, 10 young (10240K), 10 survivors (10240K)
 Metaspace       used 35001K, committed 35968K, reserved 393216K
  class space    used 4889K, committed 5376K, reserved 327680K
}
Event: 4.392 GC heap before
{Heap before GC invocations=6 (full 0):
 garbage-first heap   total 262144K, used 185611K [0x00000000e0000000, 0x0000000100000000)
  region size 1024K, 153 young (156672K), 10 survivors (10240K)
 Metaspace       used 52277K, committed 54144K, reserved 393216K
  class space    used 7456K, committed 8384K, reserved 327680K
}
Event: 4.401 GC heap after
{Heap after GC invocations=7 (full 0):
 garbage-first heap   total 262144K, used 40724K [0x00000000e0000000, 0x0000000100000000)
  region size 1024K, 17 young (17408K), 17 survivors (17408K)
 Metaspace       used 52277K, committed 54144K, reserved 393216K
  class space    used 7456K, committed 8384K, reserved 327680K
}
Event: 5.177 GC heap before
{Heap before GC invocations=7 (full 0):
 garbage-first heap   total 262144K, used 126740K [0x00000000e0000000, 0x0000000100000000)
  region size 1024K, 102 young (104448K), 17 survivors (17408K)
 Metaspace       used 58147K, committed 60096K, reserved 393216K
  class space    used 8403K, committed 9408K, reserved 327680K
}
Event: 5.190 GC heap after
{Heap after GC invocations=8 (full 0):
 garbage-first heap   total 262144K, used 49261K [0x00000000e0000000, 0x0000000100000000)
  region size 1024K, 18 young (18432K), 18 survivors (18432K)
 Metaspace       used 58147K, committed 60096K, reserved 393216K
  class space    used 8403K, committed 9408K, reserved 327680K
}
Event: 45.769 GC heap before
{Heap before GC invocations=9 (full 0):
 garbage-first heap   total 262144K, used 189549K [0x00000000e0000000, 0x0000000100000000)
  region size 1024K, 153 young (156672K), 18 survivors (18432K)
 Metaspace       used 72510K, committed 74624K, reserved 393216K
  class space    used 10256K, committed 11328K, reserved 327680K
}
Event: 45.780 GC heap after
{Heap after GC invocations=10 (full 0):
 garbage-first heap   total 262144K, used 63270K [0x00000000e0000000, 0x0000000100000000)
  region size 1024K, 20 young (20480K), 20 survivors (20480K)
 Metaspace       used 72510K, committed 74624K, reserved 393216K
  class space    used 10256K, committed 11328K, reserved 327680K
}
Event: 227.641 GC heap before
{Heap before GC invocations=10 (full 0):
 garbage-first heap   total 262144K, used 207654K [0x00000000e0000000, 0x0000000100000000)
  region size 1024K, 153 young (156672K), 20 survivors (20480K)
 Metaspace       used 77787K, committed 79936K, reserved 458752K
  class space    used 10813K, committed 11904K, reserved 327680K
}
Event: 227.651 GC heap after
{Heap after GC invocations=11 (full 0):
 garbage-first heap   total 262144K, used 68987K [0x00000000e0000000, 0x0000000100000000)
  region size 1024K, 8 young (8192K), 8 survivors (8192K)
 Metaspace       used 77787K, committed 79936K, reserved 458752K
  class space    used 10813K, committed 11904K, reserved 327680K
}

